*** Using Compiler 'V5.06 update 5 (build 528)', folder: 'C:\Keil_v5\ARM\ARMCC\Bin'
Build target 'Sample'
creating preprocessor file for system_stm32f4xx.c...
creating preprocessor file for stm32f4xx_hal.c...
creating preprocessor file for stm32f4xx_hal_cortex.c...
creating preprocessor file for stm32f4xx_hal_gpio.c...
creating preprocessor file for stm32f4xx_hal_pwr.c...
creating preprocessor file for stm32f4xx_hal_pwr_ex.c...
creating preprocessor file for stm32f4xx_hal_rcc.c...
creating preprocessor file for stm32f4xx_hal_rcc_ex.c...
creating preprocessor file for stm32f4xx_hal_adc.c...
creating preprocessor file for stm32f4xx_hal_adc_ex.c...
creating preprocessor file for stm32f4xx_hal_dma.c...
creating preprocessor file for stm32f4xx_hal_dma_ex.c...
creating preprocessor file for stm32f4xx_hal_i2c.c...
creating preprocessor file for stm32f4xx_hal_i2c_ex.c...
creating preprocessor file for stm32f4xx_hal_spi.c...
creating preprocessor file for stm32f4xx_hal_tim.c...
creating preprocessor file for stm32f4xx_hal_tim_ex.c...
creating preprocessor file for stm32f4xx_hal_usart.c...
creating preprocessor file for stm32f4xx_hal_uart.c...
creating preprocessor file for main.c...
creating preprocessor file for stm32f4xx_it.c...
creating preprocessor file for os_core.c...
creating preprocessor file for os_dbg_r.c...
creating preprocessor file for os_flag.c...
creating preprocessor file for os_mbox.c...
creating preprocessor file for os_mem.c...
creating preprocessor file for os_mutex.c...
creating preprocessor file for os_q.c...
creating preprocessor file for os_sem.c...
creating preprocessor file for os_task.c...
creating preprocessor file for os_time.c...
creating preprocessor file for os_tmr.c...
creating preprocessor file for os_cpu_c.c...
assembling os_cpu_a.s...
linking...
Program Size: Code=8406 RO-data=830 RW-data=96 ZI-data=6496  
".\Objects\T2.axf" - 0 Error(s), 0 Warning(s).
Build Time Elapsed:  00:00:11
